{"uuid":"69320d96-2132-4ff0-b6b3-854b44dc263f","historyId":"5c82a93d888ca57c784aca3de0581d3f","fullName":"src/test/resources/features/AddToCart.feature:18","labels":[{"name":"host","value":"Ekanshs-MacBook-Air.local"},{"name":"thread","value":"62494@Ekanshs-MacBook-Air.local.main(1)"},{"name":"feature","value":"Add to cart with product variants"},{"name":"story","value":"User selects colour and size and adds product to cart"},{"name":"suite","value":"Add to cart with product variants"},{"name":"testClass","value":"User selects colour and size and adds product to cart"},{"name":"framework","value":"cucumber4jvm"},{"name":"language","value":"java"},{"name":"gherkin_uri","value":"file:///Users/tanishakothiyal/eclipse-workspace/AutomationPractice/src/test/resources/features/AddToCart.feature"},{"name":"package","value":"src.test.resources.features.AddToCart_feature.Add to cart with product variants"}],"links":[],"name":"User selects colour and size and adds product to cart","status":"broken","statusDetails":{"known":false,"muted":false,"flaky":false,"message":"Expected condition failed: waiting for presence of element located by: By.xpath: //div[contains(@class,'swatch-option color')]/div[@option-label='Blue'] (tried for 5 second(s) with 500 milliseconds interval)","trace":"org.openqa.selenium.TimeoutException: Expected condition failed: waiting for presence of element located by: By.xpath: //div[contains(@class,'swatch-option color')]/div[@option-label='Blue'] (tried for 5 second(s) with 500 milliseconds interval)\n\tat org.openqa.selenium.support.ui.WebDriverWait.timeoutException(WebDriverWait.java:84)\n\tat org.openqa.selenium.support.ui.FluentWait.until(FluentWait.java:228)\n\tat pages.AddToCartPage.waitForElement(AddToCartPage.java:38)\n\tat pages.AddToCartPage.selectColor(AddToCartPage.java:64)\n\tat steps.AddToCartSteps.user_selects_colour(AddToCartSteps.java:28)\n\tat ✽.the user selects the colour \"Blue\"(file:///Users/tanishakothiyal/eclipse-workspace/AutomationPractice/src/test/resources/features/AddToCart.feature:9)\nCaused by: org.openqa.selenium.NoSuchElementException: no such element: Unable to locate element: {\"method\":\"xpath\",\"selector\":\"//div[contains(@class,'swatch-option color')]/div[@option-label='Blue']\"}\n  (Session info: chrome=135.0.7049.85)\nFor documentation on this error, please visit: https://www.selenium.dev/documentation/webdriver/troubleshooting/errors#no-such-element-exception\nBuild info: version: '4.31.0', revision: '1ef9f18787*'\nSystem info: os.name: 'Mac OS X', os.arch: 'aarch64', os.version: '14.4.1', java.version: '17.0.12'\nDriver info: org.openqa.selenium.chrome.ChromeDriver\nCommand: [4c0f7d1e63677718c763c4549e61818d, findElement {value=//div[contains(@class,'swatch-option color')]/div[@option-label='Blue'], using=xpath}]\nCapabilities {acceptInsecureCerts: false, browserName: chrome, browserVersion: 135.0.7049.85, chrome: {chromedriverVersion: 135.0.7049.84 (6c019e560019..., userDataDir: /var/folders/w4/_tpxrz7s771...}, fedcm:accounts: true, goog:chromeOptions: {debuggerAddress: localhost:50594}, networkConnectionEnabled: false, pageLoadStrategy: normal, platformName: mac, proxy: Proxy(), se:cdp: ws://localhost:50594/devtoo..., se:cdpVersion: 135.0.7049.85, setWindowRect: true, strictFileInteractability: false, timeouts: {implicit: 0, pageLoad: 300000, script: 30000}, unhandledPromptBehavior: dismiss and notify, webauthn:extension:credBlob: true, webauthn:extension:largeBlob: true, webauthn:extension:minPinLength: true, webauthn:extension:prf: true, webauthn:virtualAuthenticators: true}\nSession ID: 4c0f7d1e63677718c763c4549e61818d\n\tat java.base/jdk.internal.reflect.NativeConstructorAccessorImpl.newInstance0(Native Method)\n\tat java.base/jdk.internal.reflect.NativeConstructorAccessorImpl.newInstance(NativeConstructorAccessorImpl.java:77)\n\tat java.base/jdk.internal.reflect.DelegatingConstructorAccessorImpl.newInstance(DelegatingConstructorAccessorImpl.java:45)\n\tat java.base/java.lang.reflect.Constructor.newInstanceWithCaller(Constructor.java:499)\n\tat java.base/java.lang.reflect.Constructor.newInstance(Constructor.java:480)\n\tat org.openqa.selenium.remote.ErrorCodec.decode(ErrorCodec.java:167)\n\tat org.openqa.selenium.remote.codec.w3c.W3CHttpResponseCodec.decode(W3CHttpResponseCodec.java:138)\n\tat org.openqa.selenium.remote.codec.w3c.W3CHttpResponseCodec.decode(W3CHttpResponseCodec.java:50)\n\tat org.openqa.selenium.remote.HttpCommandExecutor.execute(HttpCommandExecutor.java:215)\n\tat org.openqa.selenium.remote.service.DriverCommandExecutor.invokeExecute(DriverCommandExecutor.java:216)\n\tat org.openqa.selenium.remote.service.DriverCommandExecutor.execute(DriverCommandExecutor.java:174)\n\tat org.openqa.selenium.remote.RemoteWebDriver.execute(RemoteWebDriver.java:545)\n\tat org.openqa.selenium.remote.ElementLocation$ElementFinder$2.findElement(ElementLocation.java:165)\n\tat org.openqa.selenium.remote.ElementLocation.findElement(ElementLocation.java:59)\n\tat org.openqa.selenium.remote.RemoteWebDriver.findElement(RemoteWebDriver.java:368)\n\tat org.openqa.selenium.remote.RemoteWebDriver.findElement(RemoteWebDriver.java:362)\n\tat org.openqa.selenium.support.ui.ExpectedConditions$6.apply(ExpectedConditions.java:171)\n\tat org.openqa.selenium.support.ui.ExpectedConditions$6.apply(ExpectedConditions.java:168)\n\tat org.openqa.selenium.support.ui.FluentWait.until(FluentWait.java:203)\n\t... 4 more\n"},"stage":"finished","description":"  As a customer\n  I want to select product variants like colour and size\n  So that I can add the specific product I want to the cart","steps":[{"name":"Given  the user is on the Product Detail Page","status":"passed","statusDetails":{"known":false,"muted":false,"flaky":false},"stage":"finished","steps":[],"attachments":[],"parameters":[],"start":1744721387229,"stop":1744721391544},{"name":"When  the user selects the colour \"Blue\"","status":"broken","statusDetails":{"known":false,"muted":false,"flaky":false,"message":"Expected condition failed: waiting for presence of element located by: By.xpath: //div[contains(@class,'swatch-option color')]/div[@option-label='Blue'] (tried for 5 second(s) with 500 milliseconds interval)","trace":"org.openqa.selenium.TimeoutException: Expected condition failed: waiting for presence of element located by: By.xpath: //div[contains(@class,'swatch-option color')]/div[@option-label='Blue'] (tried for 5 second(s) with 500 milliseconds interval)\n\tat org.openqa.selenium.support.ui.WebDriverWait.timeoutException(WebDriverWait.java:84)\n\tat org.openqa.selenium.support.ui.FluentWait.until(FluentWait.java:228)\n\tat pages.AddToCartPage.waitForElement(AddToCartPage.java:38)\n\tat pages.AddToCartPage.selectColor(AddToCartPage.java:64)\n\tat steps.AddToCartSteps.user_selects_colour(AddToCartSteps.java:28)\n\tat ✽.the user selects the colour \"Blue\"(file:///Users/tanishakothiyal/eclipse-workspace/AutomationPractice/src/test/resources/features/AddToCart.feature:9)\nCaused by: org.openqa.selenium.NoSuchElementException: no such element: Unable to locate element: {\"method\":\"xpath\",\"selector\":\"//div[contains(@class,'swatch-option color')]/div[@option-label='Blue']\"}\n  (Session info: chrome=135.0.7049.85)\nFor documentation on this error, please visit: https://www.selenium.dev/documentation/webdriver/troubleshooting/errors#no-such-element-exception\nBuild info: version: '4.31.0', revision: '1ef9f18787*'\nSystem info: os.name: 'Mac OS X', os.arch: 'aarch64', os.version: '14.4.1', java.version: '17.0.12'\nDriver info: org.openqa.selenium.chrome.ChromeDriver\nCommand: [4c0f7d1e63677718c763c4549e61818d, findElement {value=//div[contains(@class,'swatch-option color')]/div[@option-label='Blue'], using=xpath}]\nCapabilities {acceptInsecureCerts: false, browserName: chrome, browserVersion: 135.0.7049.85, chrome: {chromedriverVersion: 135.0.7049.84 (6c019e560019..., userDataDir: /var/folders/w4/_tpxrz7s771...}, fedcm:accounts: true, goog:chromeOptions: {debuggerAddress: localhost:50594}, networkConnectionEnabled: false, pageLoadStrategy: normal, platformName: mac, proxy: Proxy(), se:cdp: ws://localhost:50594/devtoo..., se:cdpVersion: 135.0.7049.85, setWindowRect: true, strictFileInteractability: false, timeouts: {implicit: 0, pageLoad: 300000, script: 30000}, unhandledPromptBehavior: dismiss and notify, webauthn:extension:credBlob: true, webauthn:extension:largeBlob: true, webauthn:extension:minPinLength: true, webauthn:extension:prf: true, webauthn:virtualAuthenticators: true}\nSession ID: 4c0f7d1e63677718c763c4549e61818d\n\tat java.base/jdk.internal.reflect.NativeConstructorAccessorImpl.newInstance0(Native Method)\n\tat java.base/jdk.internal.reflect.NativeConstructorAccessorImpl.newInstance(NativeConstructorAccessorImpl.java:77)\n\tat java.base/jdk.internal.reflect.DelegatingConstructorAccessorImpl.newInstance(DelegatingConstructorAccessorImpl.java:45)\n\tat java.base/java.lang.reflect.Constructor.newInstanceWithCaller(Constructor.java:499)\n\tat java.base/java.lang.reflect.Constructor.newInstance(Constructor.java:480)\n\tat org.openqa.selenium.remote.ErrorCodec.decode(ErrorCodec.java:167)\n\tat org.openqa.selenium.remote.codec.w3c.W3CHttpResponseCodec.decode(W3CHttpResponseCodec.java:138)\n\tat org.openqa.selenium.remote.codec.w3c.W3CHttpResponseCodec.decode(W3CHttpResponseCodec.java:50)\n\tat org.openqa.selenium.remote.HttpCommandExecutor.execute(HttpCommandExecutor.java:215)\n\tat org.openqa.selenium.remote.service.DriverCommandExecutor.invokeExecute(DriverCommandExecutor.java:216)\n\tat org.openqa.selenium.remote.service.DriverCommandExecutor.execute(DriverCommandExecutor.java:174)\n\tat org.openqa.selenium.remote.RemoteWebDriver.execute(RemoteWebDriver.java:545)\n\tat org.openqa.selenium.remote.ElementLocation$ElementFinder$2.findElement(ElementLocation.java:165)\n\tat org.openqa.selenium.remote.ElementLocation.findElement(ElementLocation.java:59)\n\tat org.openqa.selenium.remote.RemoteWebDriver.findElement(RemoteWebDriver.java:368)\n\tat org.openqa.selenium.remote.RemoteWebDriver.findElement(RemoteWebDriver.java:362)\n\tat org.openqa.selenium.support.ui.ExpectedConditions$6.apply(ExpectedConditions.java:171)\n\tat org.openqa.selenium.support.ui.ExpectedConditions$6.apply(ExpectedConditions.java:168)\n\tat org.openqa.selenium.support.ui.FluentWait.until(FluentWait.java:203)\n\t... 4 more\n"},"stage":"finished","steps":[],"attachments":[],"parameters":[],"start":1744721391545,"stop":1744721396673},{"name":"And  the user selects the size \"M\"","status":"skipped","statusDetails":{"known":false,"muted":false,"flaky":false},"stage":"finished","steps":[],"attachments":[],"parameters":[],"start":1744721396674,"stop":1744721396674},{"name":"And  the user clicks on the \"Add to Cart\" button","status":"skipped","statusDetails":{"known":false,"muted":false,"flaky":false},"stage":"finished","steps":[],"attachments":[],"parameters":[],"start":1744721396674,"stop":1744721396675},{"name":"Then  the product with colour \"Blue\" and size \"M\" should be added to the cart","status":"skipped","statusDetails":{"known":false,"muted":false,"flaky":false},"stage":"finished","steps":[],"attachments":[],"parameters":[],"start":1744721396675,"stop":1744721396675},{"name":"And  the cart icon should show 1 item","status":"skipped","statusDetails":{"known":false,"muted":false,"flaky":false},"stage":"finished","steps":[],"attachments":[],"parameters":[],"start":1744721396675,"stop":1744721396675},{"name":"And  the user should see a success message confirming the product was added","status":"skipped","statusDetails":{"known":false,"muted":false,"flaky":false},"stage":"finished","steps":[],"attachments":[],"parameters":[],"start":1744721396675,"stop":1744721396676}],"attachments":[],"parameters":[{"name":"colour","value":"Blue"},{"name":"size","value":"M"},{"name":"buttonName","value":"Add to Cart"},{"name":"itemCount","value":"1"}],"start":1744721385454,"stop":1744721396797}