{"uid":"a2fae44aa9a33f6c","name":"User selects colour and size and adds product to cart","fullName":"src/test/resources/features/AddToCart.feature:18","historyId":"5c82a93d888ca57c784aca3de0581d3f","time":{"start":1744721895128,"stop":1744721905731,"duration":10603},"description":"  As a customer\n  I want to select product variants like colour and size\n  So that I can add the specific product I want to the cart","descriptionHtml":"<p>As a customer<br />\nI want to select product variants like colour and size<br />\nSo that I can add the specific product I want to the cart</p>\n","status":"broken","statusMessage":"Expected condition failed: waiting for presence of element located by: By.xpath: //div[contains(@class,'swatch-option color')]/div[@option-label='Blue'] (tried for 5 second(s) with 500 milliseconds interval)","statusTrace":"org.openqa.selenium.TimeoutException: Expected condition failed: waiting for presence of element located by: By.xpath: //div[contains(@class,'swatch-option color')]/div[@option-label='Blue'] (tried for 5 second(s) with 500 milliseconds interval)\n\tat org.openqa.selenium.support.ui.WebDriverWait.timeoutException(WebDriverWait.java:84)\n\tat org.openqa.selenium.support.ui.FluentWait.until(FluentWait.java:228)\n\tat pages.AddToCartPage.waitForElement(AddToCartPage.java:40)\n\tat pages.AddToCartPage.selectColor(AddToCartPage.java:66)\n\tat steps.AddToCartSteps.user_selects_colour(AddToCartSteps.java:28)\n\tat ✽.the user selects the colour \"Blue\"(file:///Users/tanishakothiyal/eclipse-workspace/AutomationPractice/src/test/resources/features/AddToCart.feature:9)\nCaused by: org.openqa.selenium.NoSuchElementException: no such element: Unable to locate element: {\"method\":\"xpath\",\"selector\":\"//div[contains(@class,'swatch-option color')]/div[@option-label='Blue']\"}\n  (Session info: chrome=135.0.7049.85)\nFor documentation on this error, please visit: https://www.selenium.dev/documentation/webdriver/troubleshooting/errors#no-such-element-exception\nBuild info: version: '4.31.0', revision: '1ef9f18787*'\nSystem info: os.name: 'Mac OS X', os.arch: 'aarch64', os.version: '14.4.1', java.version: '17.0.12'\nDriver info: org.openqa.selenium.chrome.ChromeDriver\nCommand: [dc5931561fe1fcffc78268cf18c1510c, findElement {using=xpath, value=//div[contains(@class,'swatch-option color')]/div[@option-label='Blue']}]\nCapabilities {acceptInsecureCerts: false, browserName: chrome, browserVersion: 135.0.7049.85, chrome: {chromedriverVersion: 135.0.7049.84 (6c019e560019..., userDataDir: /var/folders/w4/_tpxrz7s771...}, fedcm:accounts: true, goog:chromeOptions: {debuggerAddress: localhost:52934}, networkConnectionEnabled: false, pageLoadStrategy: normal, platformName: mac, proxy: Proxy(), se:cdp: ws://localhost:52934/devtoo..., se:cdpVersion: 135.0.7049.85, setWindowRect: true, strictFileInteractability: false, timeouts: {implicit: 0, pageLoad: 300000, script: 30000}, unhandledPromptBehavior: dismiss and notify, webauthn:extension:credBlob: true, webauthn:extension:largeBlob: true, webauthn:extension:minPinLength: true, webauthn:extension:prf: true, webauthn:virtualAuthenticators: true}\nSession ID: dc5931561fe1fcffc78268cf18c1510c\n\tat java.base/jdk.internal.reflect.NativeConstructorAccessorImpl.newInstance0(Native Method)\n\tat java.base/jdk.internal.reflect.NativeConstructorAccessorImpl.newInstance(NativeConstructorAccessorImpl.java:77)\n\tat java.base/jdk.internal.reflect.DelegatingConstructorAccessorImpl.newInstance(DelegatingConstructorAccessorImpl.java:45)\n\tat java.base/java.lang.reflect.Constructor.newInstanceWithCaller(Constructor.java:499)\n\tat java.base/java.lang.reflect.Constructor.newInstance(Constructor.java:480)\n\tat org.openqa.selenium.remote.ErrorCodec.decode(ErrorCodec.java:167)\n\tat org.openqa.selenium.remote.codec.w3c.W3CHttpResponseCodec.decode(W3CHttpResponseCodec.java:138)\n\tat org.openqa.selenium.remote.codec.w3c.W3CHttpResponseCodec.decode(W3CHttpResponseCodec.java:50)\n\tat org.openqa.selenium.remote.HttpCommandExecutor.execute(HttpCommandExecutor.java:215)\n\tat org.openqa.selenium.remote.service.DriverCommandExecutor.invokeExecute(DriverCommandExecutor.java:216)\n\tat org.openqa.selenium.remote.service.DriverCommandExecutor.execute(DriverCommandExecutor.java:174)\n\tat org.openqa.selenium.remote.RemoteWebDriver.execute(RemoteWebDriver.java:545)\n\tat org.openqa.selenium.remote.ElementLocation$ElementFinder$2.findElement(ElementLocation.java:165)\n\tat org.openqa.selenium.remote.ElementLocation.findElement(ElementLocation.java:59)\n\tat org.openqa.selenium.remote.RemoteWebDriver.findElement(RemoteWebDriver.java:368)\n\tat org.openqa.selenium.remote.RemoteWebDriver.findElement(RemoteWebDriver.java:362)\n\tat org.openqa.selenium.support.ui.ExpectedConditions$6.apply(ExpectedConditions.java:171)\n\tat org.openqa.selenium.support.ui.ExpectedConditions$6.apply(ExpectedConditions.java:168)\n\tat org.openqa.selenium.support.ui.FluentWait.until(FluentWait.java:203)\n\t... 4 more\n","flaky":false,"newFailed":false,"newBroken":false,"newPassed":false,"retriesCount":0,"retriesStatusChange":false,"beforeStages":[{"name":"hooks.Hooks.setUp()","time":{"start":1744721895129,"stop":1744721896970,"duration":1841},"status":"passed","steps":[],"attachments":[],"parameters":[],"shouldDisplayMessage":false,"attachmentsCount":0,"attachmentStep":false,"stepsCount":0,"hasContent":false}],"testStage":{"description":"  As a customer\n  I want to select product variants like colour and size\n  So that I can add the specific product I want to the cart","status":"broken","statusMessage":"Expected condition failed: waiting for presence of element located by: By.xpath: //div[contains(@class,'swatch-option color')]/div[@option-label='Blue'] (tried for 5 second(s) with 500 milliseconds interval)","statusTrace":"org.openqa.selenium.TimeoutException: Expected condition failed: waiting for presence of element located by: By.xpath: //div[contains(@class,'swatch-option color')]/div[@option-label='Blue'] (tried for 5 second(s) with 500 milliseconds interval)\n\tat org.openqa.selenium.support.ui.WebDriverWait.timeoutException(WebDriverWait.java:84)\n\tat org.openqa.selenium.support.ui.FluentWait.until(FluentWait.java:228)\n\tat pages.AddToCartPage.waitForElement(AddToCartPage.java:40)\n\tat pages.AddToCartPage.selectColor(AddToCartPage.java:66)\n\tat steps.AddToCartSteps.user_selects_colour(AddToCartSteps.java:28)\n\tat ✽.the user selects the colour \"Blue\"(file:///Users/tanishakothiyal/eclipse-workspace/AutomationPractice/src/test/resources/features/AddToCart.feature:9)\nCaused by: org.openqa.selenium.NoSuchElementException: no such element: Unable to locate element: {\"method\":\"xpath\",\"selector\":\"//div[contains(@class,'swatch-option color')]/div[@option-label='Blue']\"}\n  (Session info: chrome=135.0.7049.85)\nFor documentation on this error, please visit: https://www.selenium.dev/documentation/webdriver/troubleshooting/errors#no-such-element-exception\nBuild info: version: '4.31.0', revision: '1ef9f18787*'\nSystem info: os.name: 'Mac OS X', os.arch: 'aarch64', os.version: '14.4.1', java.version: '17.0.12'\nDriver info: org.openqa.selenium.chrome.ChromeDriver\nCommand: [dc5931561fe1fcffc78268cf18c1510c, findElement {using=xpath, value=//div[contains(@class,'swatch-option color')]/div[@option-label='Blue']}]\nCapabilities {acceptInsecureCerts: false, browserName: chrome, browserVersion: 135.0.7049.85, chrome: {chromedriverVersion: 135.0.7049.84 (6c019e560019..., userDataDir: /var/folders/w4/_tpxrz7s771...}, fedcm:accounts: true, goog:chromeOptions: {debuggerAddress: localhost:52934}, networkConnectionEnabled: false, pageLoadStrategy: normal, platformName: mac, proxy: Proxy(), se:cdp: ws://localhost:52934/devtoo..., se:cdpVersion: 135.0.7049.85, setWindowRect: true, strictFileInteractability: false, timeouts: {implicit: 0, pageLoad: 300000, script: 30000}, unhandledPromptBehavior: dismiss and notify, webauthn:extension:credBlob: true, webauthn:extension:largeBlob: true, webauthn:extension:minPinLength: true, webauthn:extension:prf: true, webauthn:virtualAuthenticators: true}\nSession ID: dc5931561fe1fcffc78268cf18c1510c\n\tat java.base/jdk.internal.reflect.NativeConstructorAccessorImpl.newInstance0(Native Method)\n\tat java.base/jdk.internal.reflect.NativeConstructorAccessorImpl.newInstance(NativeConstructorAccessorImpl.java:77)\n\tat java.base/jdk.internal.reflect.DelegatingConstructorAccessorImpl.newInstance(DelegatingConstructorAccessorImpl.java:45)\n\tat java.base/java.lang.reflect.Constructor.newInstanceWithCaller(Constructor.java:499)\n\tat java.base/java.lang.reflect.Constructor.newInstance(Constructor.java:480)\n\tat org.openqa.selenium.remote.ErrorCodec.decode(ErrorCodec.java:167)\n\tat org.openqa.selenium.remote.codec.w3c.W3CHttpResponseCodec.decode(W3CHttpResponseCodec.java:138)\n\tat org.openqa.selenium.remote.codec.w3c.W3CHttpResponseCodec.decode(W3CHttpResponseCodec.java:50)\n\tat org.openqa.selenium.remote.HttpCommandExecutor.execute(HttpCommandExecutor.java:215)\n\tat org.openqa.selenium.remote.service.DriverCommandExecutor.invokeExecute(DriverCommandExecutor.java:216)\n\tat org.openqa.selenium.remote.service.DriverCommandExecutor.execute(DriverCommandExecutor.java:174)\n\tat org.openqa.selenium.remote.RemoteWebDriver.execute(RemoteWebDriver.java:545)\n\tat org.openqa.selenium.remote.ElementLocation$ElementFinder$2.findElement(ElementLocation.java:165)\n\tat org.openqa.selenium.remote.ElementLocation.findElement(ElementLocation.java:59)\n\tat org.openqa.selenium.remote.RemoteWebDriver.findElement(RemoteWebDriver.java:368)\n\tat org.openqa.selenium.remote.RemoteWebDriver.findElement(RemoteWebDriver.java:362)\n\tat org.openqa.selenium.support.ui.ExpectedConditions$6.apply(ExpectedConditions.java:171)\n\tat org.openqa.selenium.support.ui.ExpectedConditions$6.apply(ExpectedConditions.java:168)\n\tat org.openqa.selenium.support.ui.FluentWait.until(FluentWait.java:203)\n\t... 4 more\n","steps":[{"name":"Given  the user is on the Product Detail Page","time":{"start":1744721896972,"stop":1744721900495,"duration":3523},"status":"passed","steps":[],"attachments":[],"parameters":[],"shouldDisplayMessage":false,"attachmentsCount":0,"attachmentStep":false,"stepsCount":0,"hasContent":false},{"name":"When  the user selects the colour \"Blue\"","time":{"start":1744721900495,"stop":1744721905616,"duration":5121},"status":"broken","statusMessage":"Expected condition failed: waiting for presence of element located by: By.xpath: //div[contains(@class,'swatch-option color')]/div[@option-label='Blue'] (tried for 5 second(s) with 500 milliseconds interval)","statusTrace":"org.openqa.selenium.TimeoutException: Expected condition failed: waiting for presence of element located by: By.xpath: //div[contains(@class,'swatch-option color')]/div[@option-label='Blue'] (tried for 5 second(s) with 500 milliseconds interval)\n\tat org.openqa.selenium.support.ui.WebDriverWait.timeoutException(WebDriverWait.java:84)\n\tat org.openqa.selenium.support.ui.FluentWait.until(FluentWait.java:228)\n\tat pages.AddToCartPage.waitForElement(AddToCartPage.java:40)\n\tat pages.AddToCartPage.selectColor(AddToCartPage.java:66)\n\tat steps.AddToCartSteps.user_selects_colour(AddToCartSteps.java:28)\n\tat ✽.the user selects the colour \"Blue\"(file:///Users/tanishakothiyal/eclipse-workspace/AutomationPractice/src/test/resources/features/AddToCart.feature:9)\nCaused by: org.openqa.selenium.NoSuchElementException: no such element: Unable to locate element: {\"method\":\"xpath\",\"selector\":\"//div[contains(@class,'swatch-option color')]/div[@option-label='Blue']\"}\n  (Session info: chrome=135.0.7049.85)\nFor documentation on this error, please visit: https://www.selenium.dev/documentation/webdriver/troubleshooting/errors#no-such-element-exception\nBuild info: version: '4.31.0', revision: '1ef9f18787*'\nSystem info: os.name: 'Mac OS X', os.arch: 'aarch64', os.version: '14.4.1', java.version: '17.0.12'\nDriver info: org.openqa.selenium.chrome.ChromeDriver\nCommand: [dc5931561fe1fcffc78268cf18c1510c, findElement {using=xpath, value=//div[contains(@class,'swatch-option color')]/div[@option-label='Blue']}]\nCapabilities {acceptInsecureCerts: false, browserName: chrome, browserVersion: 135.0.7049.85, chrome: {chromedriverVersion: 135.0.7049.84 (6c019e560019..., userDataDir: /var/folders/w4/_tpxrz7s771...}, fedcm:accounts: true, goog:chromeOptions: {debuggerAddress: localhost:52934}, networkConnectionEnabled: false, pageLoadStrategy: normal, platformName: mac, proxy: Proxy(), se:cdp: ws://localhost:52934/devtoo..., se:cdpVersion: 135.0.7049.85, setWindowRect: true, strictFileInteractability: false, timeouts: {implicit: 0, pageLoad: 300000, script: 30000}, unhandledPromptBehavior: dismiss and notify, webauthn:extension:credBlob: true, webauthn:extension:largeBlob: true, webauthn:extension:minPinLength: true, webauthn:extension:prf: true, webauthn:virtualAuthenticators: true}\nSession ID: dc5931561fe1fcffc78268cf18c1510c\n\tat java.base/jdk.internal.reflect.NativeConstructorAccessorImpl.newInstance0(Native Method)\n\tat java.base/jdk.internal.reflect.NativeConstructorAccessorImpl.newInstance(NativeConstructorAccessorImpl.java:77)\n\tat java.base/jdk.internal.reflect.DelegatingConstructorAccessorImpl.newInstance(DelegatingConstructorAccessorImpl.java:45)\n\tat java.base/java.lang.reflect.Constructor.newInstanceWithCaller(Constructor.java:499)\n\tat java.base/java.lang.reflect.Constructor.newInstance(Constructor.java:480)\n\tat org.openqa.selenium.remote.ErrorCodec.decode(ErrorCodec.java:167)\n\tat org.openqa.selenium.remote.codec.w3c.W3CHttpResponseCodec.decode(W3CHttpResponseCodec.java:138)\n\tat org.openqa.selenium.remote.codec.w3c.W3CHttpResponseCodec.decode(W3CHttpResponseCodec.java:50)\n\tat org.openqa.selenium.remote.HttpCommandExecutor.execute(HttpCommandExecutor.java:215)\n\tat org.openqa.selenium.remote.service.DriverCommandExecutor.invokeExecute(DriverCommandExecutor.java:216)\n\tat org.openqa.selenium.remote.service.DriverCommandExecutor.execute(DriverCommandExecutor.java:174)\n\tat org.openqa.selenium.remote.RemoteWebDriver.execute(RemoteWebDriver.java:545)\n\tat org.openqa.selenium.remote.ElementLocation$ElementFinder$2.findElement(ElementLocation.java:165)\n\tat org.openqa.selenium.remote.ElementLocation.findElement(ElementLocation.java:59)\n\tat org.openqa.selenium.remote.RemoteWebDriver.findElement(RemoteWebDriver.java:368)\n\tat org.openqa.selenium.remote.RemoteWebDriver.findElement(RemoteWebDriver.java:362)\n\tat org.openqa.selenium.support.ui.ExpectedConditions$6.apply(ExpectedConditions.java:171)\n\tat org.openqa.selenium.support.ui.ExpectedConditions$6.apply(ExpectedConditions.java:168)\n\tat org.openqa.selenium.support.ui.FluentWait.until(FluentWait.java:203)\n\t... 4 more\n","steps":[],"attachments":[],"parameters":[],"shouldDisplayMessage":true,"attachmentsCount":0,"attachmentStep":false,"stepsCount":0,"hasContent":true},{"name":"And  the user selects the size \"M\"","time":{"start":1744721905617,"stop":1744721905617,"duration":0},"status":"skipped","steps":[],"attachments":[],"parameters":[],"shouldDisplayMessage":false,"attachmentsCount":0,"attachmentStep":false,"stepsCount":0,"hasContent":false},{"name":"And  the user clicks on the \"Add to Cart\" button","time":{"start":1744721905617,"stop":1744721905617,"duration":0},"status":"skipped","steps":[],"attachments":[],"parameters":[],"shouldDisplayMessage":false,"attachmentsCount":0,"attachmentStep":false,"stepsCount":0,"hasContent":false},{"name":"Then  the product with colour \"Blue\" and size \"M\" should be added to the cart","time":{"start":1744721905617,"stop":1744721905617,"duration":0},"status":"skipped","steps":[],"attachments":[],"parameters":[],"shouldDisplayMessage":false,"attachmentsCount":0,"attachmentStep":false,"stepsCount":0,"hasContent":false},{"name":"And  the cart icon should show 1 item","time":{"start":1744721905617,"stop":1744721905617,"duration":0},"status":"skipped","steps":[],"attachments":[],"parameters":[],"shouldDisplayMessage":false,"attachmentsCount":0,"attachmentStep":false,"stepsCount":0,"hasContent":false},{"name":"And  the user should see a success message confirming the product was added","time":{"start":1744721905618,"stop":1744721905618,"duration":0},"status":"skipped","steps":[],"attachments":[],"parameters":[],"shouldDisplayMessage":false,"attachmentsCount":0,"attachmentStep":false,"stepsCount":0,"hasContent":false}],"attachments":[],"parameters":[],"shouldDisplayMessage":false,"attachmentsCount":0,"attachmentStep":false,"stepsCount":7,"hasContent":true},"afterStages":[{"name":"hooks.Hooks.tearDown()","time":{"start":1744721905618,"stop":1744721905730,"duration":112},"status":"passed","steps":[],"attachments":[],"parameters":[],"shouldDisplayMessage":false,"attachmentsCount":0,"attachmentStep":false,"stepsCount":0,"hasContent":false}],"labels":[{"name":"host","value":"Ekanshs-MacBook-Air.local"},{"name":"thread","value":"62777@Ekanshs-MacBook-Air.local.main(1)"},{"name":"feature","value":"Add to cart with product variants"},{"name":"story","value":"User selects colour and size and adds product to cart"},{"name":"suite","value":"Add to cart with product variants"},{"name":"testClass","value":"User selects colour and size and adds product to cart"},{"name":"framework","value":"cucumber4jvm"},{"name":"language","value":"java"},{"name":"gherkin_uri","value":"file:///Users/tanishakothiyal/eclipse-workspace/AutomationPractice/src/test/resources/features/AddToCart.feature"},{"name":"package","value":"src.test.resources.features.AddToCart_feature.Add to cart with product variants"},{"name":"resultFormat","value":"allure2"}],"parameters":[{"name":"buttonName","value":"Add to Cart"},{"name":"colour","value":"Blue"},{"name":"itemCount","value":"1"},{"name":"size","value":"M"}],"links":[],"hidden":true,"retry":true,"extra":{"categories":[],"tags":[]},"source":"a2fae44aa9a33f6c.json","parameterValues":["Add to Cart","Blue","1","M"]}